Matching pattern '((c.t|d.g) and (f..h|b..d)), \2 with \3, \1' against input 'bat and fish, bat with fish, bat and fish'
Tokens after group assignment: [CaptureGroup(1, [Alternation([[CaptureGroup(2, [Alternation([[Literal('c'), WildCard, Literal('t')], [Literal('d'), WildCard, Literal('g')]])]), Literal(' '), Literal('a'), Literal('n'), Literal('d'), Literal(' '), CaptureGroup(3, [Alternation([[Literal('f'), WildCard, WildCard, Literal('h')], [Literal('b'), WildCard, WildCard, Literal('d')]])])]])]), Literal(','), Literal(' '), BackReference(2), Literal(' '), Literal('w'), Literal('i'), Literal('t'), Literal('h'), Literal(' '), BackReference(3), Literal(','), Literal(' '), BackReference(1)]

=== Iteration 2 ===
matches_from_range: pos=0, token=CaptureGroup(1, [Alternation([[CaptureGroup(2, [Alternation([[Literal('c'), WildCard, Literal('t')], [Literal('d'), WildCard, Literal('g')]])]), Literal(' '), Literal('a'), Literal('n'), Literal('d'), Literal(' '), CaptureGroup(3, [Alternation([[Literal('f'), WildCard, WildCard, Literal('h')], [Literal('b'), WildCard, WildCard, Literal('d')]])])]])]), remaining_tokens=14
CaptureGroup 1: matching inner tokens
CaptureGroup 1: possible lengths = []
CaptureGroup 1 failed: no match found

=== Iteration 6 ===
matches_from_range: pos=1, token=CaptureGroup(1, [Alternation([[CaptureGroup(2, [Alternation([[Literal('c'), WildCard, Literal('t')], [Literal('d'), WildCard, Literal('g')]])]), Literal(' '), Literal('a'), Literal('n'), Literal('d'), Literal(' '), CaptureGroup(3, [Alternation([[Literal('f'), WildCard, WildCard, Literal('h')], [Literal('b'), WildCard, WildCard, Literal('d')]])])]])]), remaining_tokens=14
CaptureGroup 1: matching inner tokens
CaptureGroup 1: possible lengths = []
CaptureGroup 1 failed: no match found

=== Iteration 10 ===
matches_from_range: pos=2, token=CaptureGroup(1, [Alternation([[CaptureGroup(2, [Alternation([[Literal('c'), WildCard, Literal('t')], [Literal('d'), WildCard, Literal('g')]])]), Literal(' '), Literal('a'), Literal('n'), Literal('d'), Literal(' '), CaptureGroup(3, [Alternation([[Literal('f'), WildCard, WildCard, Literal('h')], [Literal('b'), WildCard, WildCard, Literal('d')]])])]])]), remaining_tokens=14
CaptureGroup 1: matching inner tokens
CaptureGroup 1: possible lengths = []
CaptureGroup 1 failed: no match found

=== Iteration 14 ===
matches_from_range: pos=3, token=CaptureGroup(1, [Alternation([[CaptureGroup(2, [Alternation([[Literal('c'), WildCard, Literal('t')], [Literal('d'), WildCard, Literal('g')]])]), Literal(' '), Literal('a'), Literal('n'), Literal('d'), Literal(' '), CaptureGroup(3, [Alternation([[Literal('f'), WildCard, WildCard, Literal('h')], [Literal('b'), WildCard, WildCard, Literal('d')]])])]])]), remaining_tokens=14
CaptureGroup 1: matching inner tokens
CaptureGroup 1: possible lengths = []
CaptureGroup 1 failed: no match found

=== Iteration 18 ===
matches_from_range: pos=4, token=CaptureGroup(1, [Alternation([[CaptureGroup(2, [Alternation([[Literal('c'), WildCard, Literal('t')], [Literal('d'), WildCard, Literal('g')]])]), Literal(' '), Literal('a'), Literal('n'), Literal('d'), Literal(' '), CaptureGroup(3, [Alternation([[Literal('f'), WildCard, WildCard, Literal('h')], [Literal('b'), WildCard, WildCard, Literal('d')]])])]])]), remaining_tokens=14
CaptureGroup 1: matching inner tokens
CaptureGroup 1: possible lengths = []
CaptureGroup 1 failed: no match found

=== Iteration 22 ===
matches_from_range: pos=5, token=CaptureGroup(1, [Alternation([[CaptureGroup(2, [Alternation([[Literal('c'), WildCard, Literal('t')], [Literal('d'), WildCard, Literal('g')]])]), Literal(' '), Literal('a'), Literal('n'), Literal('d'), Literal(' '), CaptureGroup(3, [Alternation([[Literal('f'), WildCard, WildCard, Literal('h')], [Literal('b'), WildCard, WildCard, Literal('d')]])])]])]), remaining_tokens=14
CaptureGroup 1: matching inner tokens
CaptureGroup 1: possible lengths = []
CaptureGroup 1 failed: no match found

=== Iteration 26 ===
matches_from_range: pos=6, token=CaptureGroup(1, [Alternation([[CaptureGroup(2, [Alternation([[Literal('c'), WildCard, Literal('t')], [Literal('d'), WildCard, Literal('g')]])]), Literal(' '), Literal('a'), Literal('n'), Literal('d'), Literal(' '), CaptureGroup(3, [Alternation([[Literal('f'), WildCard, WildCard, Literal('h')], [Literal('b'), WildCard, WildCard, Literal('d')]])])]])]), remaining_tokens=14
CaptureGroup 1: matching inner tokens
CaptureGroup 1: possible lengths = []
CaptureGroup 1 failed: no match found

=== Iteration 30 ===
matches_from_range: pos=7, token=CaptureGroup(1, [Alternation([[CaptureGroup(2, [Alternation([[Literal('c'), WildCard, Literal('t')], [Literal('d'), WildCard, Literal('g')]])]), Literal(' '), Literal('a'), Literal('n'), Literal('d'), Literal(' '), CaptureGroup(3, [Alternation([[Literal('f'), WildCard, WildCard, Literal('h')], [Literal('b'), WildCard, WildCard, Literal('d')]])])]])]), remaining_tokens=14
CaptureGroup 1: matching inner tokens
CaptureGroup 1: possible lengths = []
CaptureGroup 1 failed: no match found

=== Iteration 34 ===
matches_from_range: pos=8, token=CaptureGroup(1, [Alternation([[CaptureGroup(2, [Alternation([[Literal('c'), WildCard, Literal('t')], [Literal('d'), WildCard, Literal('g')]])]), Literal(' '), Literal('a'), Literal('n'), Literal('d'), Literal(' '), CaptureGroup(3, [Alternation([[Literal('f'), WildCard, WildCard, Literal('h')], [Literal('b'), WildCard, WildCard, Literal('d')]])])]])]), remaining_tokens=14
CaptureGroup 1: matching inner tokens
CaptureGroup 1: possible lengths = []
CaptureGroup 1 failed: no match found

=== Iteration 38 ===
matches_from_range: pos=9, token=CaptureGroup(1, [Alternation([[CaptureGroup(2, [Alternation([[Literal('c'), WildCard, Literal('t')], [Literal('d'), WildCard, Literal('g')]])]), Literal(' '), Literal('a'), Literal('n'), Literal('d'), Literal(' '), CaptureGroup(3, [Alternation([[Literal('f'), WildCard, WildCard, Literal('h')], [Literal('b'), WildCard, WildCard, Literal('d')]])])]])]), remaining_tokens=14
CaptureGroup 1: matching inner tokens
CaptureGroup 1: possible lengths = []
CaptureGroup 1 failed: no match found

=== Iteration 42 ===
matches_from_range: pos=10, token=CaptureGroup(1, [Alternation([[CaptureGroup(2, [Alternation([[Literal('c'), WildCard, Literal('t')], [Literal('d'), WildCard, Literal('g')]])]), Literal(' '), Literal('a'), Literal('n'), Literal('d'), Literal(' '), CaptureGroup(3, [Alternation([[Literal('f'), WildCard, WildCard, Literal('h')], [Literal('b'), WildCard, WildCard, Literal('d')]])])]])]), remaining_tokens=14
CaptureGroup 1: matching inner tokens
CaptureGroup 1: possible lengths = []
CaptureGroup 1 failed: no match found

=== Iteration 46 ===
matches_from_range: pos=11, token=CaptureGroup(1, [Alternation([[CaptureGroup(2, [Alternation([[Literal('c'), WildCard, Literal('t')], [Literal('d'), WildCard, Literal('g')]])]), Literal(' '), Literal('a'), Literal('n'), Literal('d'), Literal(' '), CaptureGroup(3, [Alternation([[Literal('f'), WildCard, WildCard, Literal('h')], [Literal('b'), WildCard, WildCard, Literal('d')]])])]])]), remaining_tokens=14
CaptureGroup 1: matching inner tokens
CaptureGroup 1: possible lengths = []
CaptureGroup 1 failed: no match found

=== Iteration 50 ===
matches_from_range: pos=12, token=CaptureGroup(1, [Alternation([[CaptureGroup(2, [Alternation([[Literal('c'), WildCard, Literal('t')], [Literal('d'), WildCard, Literal('g')]])]), Literal(' '), Literal('a'), Literal('n'), Literal('d'), Literal(' '), CaptureGroup(3, [Alternation([[Literal('f'), WildCard, WildCard, Literal('h')], [Literal('b'), WildCard, WildCard, Literal('d')]])])]])]), remaining_tokens=14
CaptureGroup 1: matching inner tokens
CaptureGroup 1: possible lengths = []
CaptureGroup 1 failed: no match found

=== Iteration 54 ===
matches_from_range: pos=13, token=CaptureGroup(1, [Alternation([[CaptureGroup(2, [Alternation([[Literal('c'), WildCard, Literal('t')], [Literal('d'), WildCard, Literal('g')]])]), Literal(' '), Literal('a'), Literal('n'), Literal('d'), Literal(' '), CaptureGroup(3, [Alternation([[Literal('f'), WildCard, WildCard, Literal('h')], [Literal('b'), WildCard, WildCard, Literal('d')]])])]])]), remaining_tokens=14
CaptureGroup 1: matching inner tokens
CaptureGroup 1: possible lengths = []
CaptureGroup 1 failed: no match found

=== Iteration 58 ===
matches_from_range: pos=14, token=CaptureGroup(1, [Alternation([[CaptureGroup(2, [Alternation([[Literal('c'), WildCard, Literal('t')], [Literal('d'), WildCard, Literal('g')]])]), Literal(' '), Literal('a'), Literal('n'), Literal('d'), Literal(' '), CaptureGroup(3, [Alternation([[Literal('f'), WildCard, WildCard, Literal('h')], [Literal('b'), WildCard, WildCard, Literal('d')]])])]])]), remaining_tokens=14
CaptureGroup 1: matching inner tokens
CaptureGroup 1: possible lengths = []
CaptureGroup 1 failed: no match found

=== Iteration 62 ===
matches_from_range: pos=15, token=CaptureGroup(1, [Alternation([[CaptureGroup(2, [Alternation([[Literal('c'), WildCard, Literal('t')], [Literal('d'), WildCard, Literal('g')]])]), Literal(' '), Literal('a'), Literal('n'), Literal('d'), Literal(' '), CaptureGroup(3, [Alternation([[Literal('f'), WildCard, WildCard, Literal('h')], [Literal('b'), WildCard, WildCard, Literal('d')]])])]])]), remaining_tokens=14
CaptureGroup 1: matching inner tokens
CaptureGroup 1: possible lengths = []
CaptureGroup 1 failed: no match found

=== Iteration 66 ===
matches_from_range: pos=16, token=CaptureGroup(1, [Alternation([[CaptureGroup(2, [Alternation([[Literal('c'), WildCard, Literal('t')], [Literal('d'), WildCard, Literal('g')]])]), Literal(' '), Literal('a'), Literal('n'), Literal('d'), Literal(' '), CaptureGroup(3, [Alternation([[Literal('f'), WildCard, WildCard, Literal('h')], [Literal('b'), WildCard, WildCard, Literal('d')]])])]])]), remaining_tokens=14
CaptureGroup 1: matching inner tokens
CaptureGroup 1: possible lengths = []
CaptureGroup 1 failed: no match found

=== Iteration 70 ===
matches_from_range: pos=17, token=CaptureGroup(1, [Alternation([[CaptureGroup(2, [Alternation([[Literal('c'), WildCard, Literal('t')], [Literal('d'), WildCard, Literal('g')]])]), Literal(' '), Literal('a'), Literal('n'), Literal('d'), Literal(' '), CaptureGroup(3, [Alternation([[Literal('f'), WildCard, WildCard, Literal('h')], [Literal('b'), WildCard, WildCard, Literal('d')]])])]])]), remaining_tokens=14
CaptureGroup 1: matching inner tokens
CaptureGroup 1: possible lengths = []
CaptureGroup 1 failed: no match found

=== Iteration 74 ===
matches_from_range: pos=18, token=CaptureGroup(1, [Alternation([[CaptureGroup(2, [Alternation([[Literal('c'), WildCard, Literal('t')], [Literal('d'), WildCard, Literal('g')]])]), Literal(' '), Literal('a'), Literal('n'), Literal('d'), Literal(' '), CaptureGroup(3, [Alternation([[Literal('f'), WildCard, WildCard, Literal('h')], [Literal('b'), WildCard, WildCard, Literal('d')]])])]])]), remaining_tokens=14
CaptureGroup 1: matching inner tokens
CaptureGroup 1: possible lengths = []
CaptureGroup 1 failed: no match found

=== Iteration 78 ===
matches_from_range: pos=19, token=CaptureGroup(1, [Alternation([[CaptureGroup(2, [Alternation([[Literal('c'), WildCard, Literal('t')], [Literal('d'), WildCard, Literal('g')]])]), Literal(' '), Literal('a'), Literal('n'), Literal('d'), Literal(' '), CaptureGroup(3, [Alternation([[Literal('f'), WildCard, WildCard, Literal('h')], [Literal('b'), WildCard, WildCard, Literal('d')]])])]])]), remaining_tokens=14
CaptureGroup 1: matching inner tokens
CaptureGroup 1: possible lengths = []
CaptureGroup 1 failed: no match found

=== Iteration 82 ===
matches_from_range: pos=20, token=CaptureGroup(1, [Alternation([[CaptureGroup(2, [Alternation([[Literal('c'), WildCard, Literal('t')], [Literal('d'), WildCard, Literal('g')]])]), Literal(' '), Literal('a'), Literal('n'), Literal('d'), Literal(' '), CaptureGroup(3, [Alternation([[Literal('f'), WildCard, WildCard, Literal('h')], [Literal('b'), WildCard, WildCard, Literal('d')]])])]])]), remaining_tokens=14
CaptureGroup 1: matching inner tokens
CaptureGroup 1: possible lengths = []
CaptureGroup 1 failed: no match found

=== Iteration 86 ===
matches_from_range: pos=21, token=CaptureGroup(1, [Alternation([[CaptureGroup(2, [Alternation([[Literal('c'), WildCard, Literal('t')], [Literal('d'), WildCard, Literal('g')]])]), Literal(' '), Literal('a'), Literal('n'), Literal('d'), Literal(' '), CaptureGroup(3, [Alternation([[Literal('f'), WildCard, WildCard, Literal('h')], [Literal('b'), WildCard, WildCard, Literal('d')]])])]])]), remaining_tokens=14
CaptureGroup 1: matching inner tokens
CaptureGroup 1: possible lengths = []
CaptureGroup 1 failed: no match found

=== Iteration 90 ===
matches_from_range: pos=22, token=CaptureGroup(1, [Alternation([[CaptureGroup(2, [Alternation([[Literal('c'), WildCard, Literal('t')], [Literal('d'), WildCard, Literal('g')]])]), Literal(' '), Literal('a'), Literal('n'), Literal('d'), Literal(' '), CaptureGroup(3, [Alternation([[Literal('f'), WildCard, WildCard, Literal('h')], [Literal('b'), WildCard, WildCard, Literal('d')]])])]])]), remaining_tokens=14
CaptureGroup 1: matching inner tokens
CaptureGroup 1: possible lengths = []
CaptureGroup 1 failed: no match found

=== Iteration 94 ===
matches_from_range: pos=23, token=CaptureGroup(1, [Alternation([[CaptureGroup(2, [Alternation([[Literal('c'), WildCard, Literal('t')], [Literal('d'), WildCard, Literal('g')]])]), Literal(' '), Literal('a'), Literal('n'), Literal('d'), Literal(' '), CaptureGroup(3, [Alternation([[Literal('f'), WildCard, WildCard, Literal('h')], [Literal('b'), WildCard, WildCard, Literal('d')]])])]])]), remaining_tokens=14
CaptureGroup 1: matching inner tokens
CaptureGroup 1: possible lengths = []
CaptureGroup 1 failed: no match found

=== Iteration 98 ===
matches_from_range: pos=24, token=CaptureGroup(1, [Alternation([[CaptureGroup(2, [Alternation([[Literal('c'), WildCard, Literal('t')], [Literal('d'), WildCard, Literal('g')]])]), Literal(' '), Literal('a'), Literal('n'), Literal('d'), Literal(' '), CaptureGroup(3, [Alternation([[Literal('f'), WildCard, WildCard, Literal('h')], [Literal('b'), WildCard, WildCard, Literal('d')]])])]])]), remaining_tokens=14
CaptureGroup 1: matching inner tokens
CaptureGroup 1: possible lengths = []
CaptureGroup 1 failed: no match found

=== Iteration 102 ===
matches_from_range: pos=25, token=CaptureGroup(1, [Alternation([[CaptureGroup(2, [Alternation([[Literal('c'), WildCard, Literal('t')], [Literal('d'), WildCard, Literal('g')]])]), Literal(' '), Literal('a'), Literal('n'), Literal('d'), Literal(' '), CaptureGroup(3, [Alternation([[Literal('f'), WildCard, WildCard, Literal('h')], [Literal('b'), WildCard, WildCard, Literal('d')]])])]])]), remaining_tokens=14
CaptureGroup 1: matching inner tokens
CaptureGroup 1: possible lengths = []
CaptureGroup 1 failed: no match found

=== Iteration 106 ===
matches_from_range: pos=26, token=CaptureGroup(1, [Alternation([[CaptureGroup(2, [Alternation([[Literal('c'), WildCard, Literal('t')], [Literal('d'), WildCard, Literal('g')]])]), Literal(' '), Literal('a'), Literal('n'), Literal('d'), Literal(' '), CaptureGroup(3, [Alternation([[Literal('f'), WildCard, WildCard, Literal('h')], [Literal('b'), WildCard, WildCard, Literal('d')]])])]])]), remaining_tokens=14
CaptureGroup 1: matching inner tokens
CaptureGroup 1: possible lengths = []
CaptureGroup 1 failed: no match found

=== Iteration 110 ===
matches_from_range: pos=27, token=CaptureGroup(1, [Alternation([[CaptureGroup(2, [Alternation([[Literal('c'), WildCard, Literal('t')], [Literal('d'), WildCard, Literal('g')]])]), Literal(' '), Literal('a'), Literal('n'), Literal('d'), Literal(' '), CaptureGroup(3, [Alternation([[Literal('f'), WildCard, WildCard, Literal('h')], [Literal('b'), WildCard, WildCard, Literal('d')]])])]])]), remaining_tokens=14
CaptureGroup 1: matching inner tokens
CaptureGroup 1: possible lengths = []
CaptureGroup 1 failed: no match found

=== Iteration 114 ===
matches_from_range: pos=28, token=CaptureGroup(1, [Alternation([[CaptureGroup(2, [Alternation([[Literal('c'), WildCard, Literal('t')], [Literal('d'), WildCard, Literal('g')]])]), Literal(' '), Literal('a'), Literal('n'), Literal('d'), Literal(' '), CaptureGroup(3, [Alternation([[Literal('f'), WildCard, WildCard, Literal('h')], [Literal('b'), WildCard, WildCard, Literal('d')]])])]])]), remaining_tokens=14
CaptureGroup 1: matching inner tokens
CaptureGroup 1: possible lengths = []
CaptureGroup 1 failed: no match found

=== Iteration 118 ===
matches_from_range: pos=29, token=CaptureGroup(1, [Alternation([[CaptureGroup(2, [Alternation([[Literal('c'), WildCard, Literal('t')], [Literal('d'), WildCard, Literal('g')]])]), Literal(' '), Literal('a'), Literal('n'), Literal('d'), Literal(' '), CaptureGroup(3, [Alternation([[Literal('f'), WildCard, WildCard, Literal('h')], [Literal('b'), WildCard, WildCard, Literal('d')]])])]])]), remaining_tokens=14
CaptureGroup 1: matching inner tokens
CaptureGroup 1: possible lengths = []
CaptureGroup 1 failed: no match found

=== Iteration 122 ===
matches_from_range: pos=30, token=CaptureGroup(1, [Alternation([[CaptureGroup(2, [Alternation([[Literal('c'), WildCard, Literal('t')], [Literal('d'), WildCard, Literal('g')]])]), Literal(' '), Literal('a'), Literal('n'), Literal('d'), Literal(' '), CaptureGroup(3, [Alternation([[Literal('f'), WildCard, WildCard, Literal('h')], [Literal('b'), WildCard, WildCard, Literal('d')]])])]])]), remaining_tokens=14
CaptureGroup 1: matching inner tokens
CaptureGroup 1: possible lengths = []
CaptureGroup 1 failed: no match found

=== Iteration 126 ===
matches_from_range: pos=31, token=CaptureGroup(1, [Alternation([[CaptureGroup(2, [Alternation([[Literal('c'), WildCard, Literal('t')], [Literal('d'), WildCard, Literal('g')]])]), Literal(' '), Literal('a'), Literal('n'), Literal('d'), Literal(' '), CaptureGroup(3, [Alternation([[Literal('f'), WildCard, WildCard, Literal('h')], [Literal('b'), WildCard, WildCard, Literal('d')]])])]])]), remaining_tokens=14
CaptureGroup 1: matching inner tokens
CaptureGroup 1: possible lengths = []
CaptureGroup 1 failed: no match found

=== Iteration 130 ===
matches_from_range: pos=32, token=CaptureGroup(1, [Alternation([[CaptureGroup(2, [Alternation([[Literal('c'), WildCard, Literal('t')], [Literal('d'), WildCard, Literal('g')]])]), Literal(' '), Literal('a'), Literal('n'), Literal('d'), Literal(' '), CaptureGroup(3, [Alternation([[Literal('f'), WildCard, WildCard, Literal('h')], [Literal('b'), WildCard, WildCard, Literal('d')]])])]])]), remaining_tokens=14
CaptureGroup 1: matching inner tokens
CaptureGroup 1: possible lengths = []
CaptureGroup 1 failed: no match found

=== Iteration 134 ===
matches_from_range: pos=33, token=CaptureGroup(1, [Alternation([[CaptureGroup(2, [Alternation([[Literal('c'), WildCard, Literal('t')], [Literal('d'), WildCard, Literal('g')]])]), Literal(' '), Literal('a'), Literal('n'), Literal('d'), Literal(' '), CaptureGroup(3, [Alternation([[Literal('f'), WildCard, WildCard, Literal('h')], [Literal('b'), WildCard, WildCard, Literal('d')]])])]])]), remaining_tokens=14
CaptureGroup 1: matching inner tokens
CaptureGroup 1: possible lengths = []
CaptureGroup 1 failed: no match found

=== Iteration 138 ===
matches_from_range: pos=34, token=CaptureGroup(1, [Alternation([[CaptureGroup(2, [Alternation([[Literal('c'), WildCard, Literal('t')], [Literal('d'), WildCard, Literal('g')]])]), Literal(' '), Literal('a'), Literal('n'), Literal('d'), Literal(' '), CaptureGroup(3, [Alternation([[Literal('f'), WildCard, WildCard, Literal('h')], [Literal('b'), WildCard, WildCard, Literal('d')]])])]])]), remaining_tokens=14
CaptureGroup 1: matching inner tokens
CaptureGroup 1: possible lengths = []
CaptureGroup 1 failed: no match found

=== Iteration 142 ===
matches_from_range: pos=35, token=CaptureGroup(1, [Alternation([[CaptureGroup(2, [Alternation([[Literal('c'), WildCard, Literal('t')], [Literal('d'), WildCard, Literal('g')]])]), Literal(' '), Literal('a'), Literal('n'), Literal('d'), Literal(' '), CaptureGroup(3, [Alternation([[Literal('f'), WildCard, WildCard, Literal('h')], [Literal('b'), WildCard, WildCard, Literal('d')]])])]])]), remaining_tokens=14
CaptureGroup 1: matching inner tokens
CaptureGroup 1: possible lengths = []
CaptureGroup 1 failed: no match found

=== Iteration 146 ===
matches_from_range: pos=36, token=CaptureGroup(1, [Alternation([[CaptureGroup(2, [Alternation([[Literal('c'), WildCard, Literal('t')], [Literal('d'), WildCard, Literal('g')]])]), Literal(' '), Literal('a'), Literal('n'), Literal('d'), Literal(' '), CaptureGroup(3, [Alternation([[Literal('f'), WildCard, WildCard, Literal('h')], [Literal('b'), WildCard, WildCard, Literal('d')]])])]])]), remaining_tokens=14
CaptureGroup 1: matching inner tokens
CaptureGroup 1: possible lengths = []
CaptureGroup 1 failed: no match found

=== Iteration 150 ===
matches_from_range: pos=37, token=CaptureGroup(1, [Alternation([[CaptureGroup(2, [Alternation([[Literal('c'), WildCard, Literal('t')], [Literal('d'), WildCard, Literal('g')]])]), Literal(' '), Literal('a'), Literal('n'), Literal('d'), Literal(' '), CaptureGroup(3, [Alternation([[Literal('f'), WildCard, WildCard, Literal('h')], [Literal('b'), WildCard, WildCard, Literal('d')]])])]])]), remaining_tokens=14
CaptureGroup 1: matching inner tokens
CaptureGroup 1: possible lengths = []
CaptureGroup 1 failed: no match found

=== Iteration 154 ===
matches_from_range: pos=38, token=CaptureGroup(1, [Alternation([[CaptureGroup(2, [Alternation([[Literal('c'), WildCard, Literal('t')], [Literal('d'), WildCard, Literal('g')]])]), Literal(' '), Literal('a'), Literal('n'), Literal('d'), Literal(' '), CaptureGroup(3, [Alternation([[Literal('f'), WildCard, WildCard, Literal('h')], [Literal('b'), WildCard, WildCard, Literal('d')]])])]])]), remaining_tokens=14
CaptureGroup 1: matching inner tokens
CaptureGroup 1: possible lengths = []
CaptureGroup 1 failed: no match found

=== Iteration 158 ===
matches_from_range: pos=39, token=CaptureGroup(1, [Alternation([[CaptureGroup(2, [Alternation([[Literal('c'), WildCard, Literal('t')], [Literal('d'), WildCard, Literal('g')]])]), Literal(' '), Literal('a'), Literal('n'), Literal('d'), Literal(' '), CaptureGroup(3, [Alternation([[Literal('f'), WildCard, WildCard, Literal('h')], [Literal('b'), WildCard, WildCard, Literal('d')]])])]])]), remaining_tokens=14
CaptureGroup 1: matching inner tokens
CaptureGroup 1: possible lengths = []
CaptureGroup 1 failed: no match found

=== Iteration 162 ===
matches_from_range: pos=40, token=CaptureGroup(1, [Alternation([[CaptureGroup(2, [Alternation([[Literal('c'), WildCard, Literal('t')], [Literal('d'), WildCard, Literal('g')]])]), Literal(' '), Literal('a'), Literal('n'), Literal('d'), Literal(' '), CaptureGroup(3, [Alternation([[Literal('f'), WildCard, WildCard, Literal('h')], [Literal('b'), WildCard, WildCard, Literal('d')]])])]])]), remaining_tokens=14
CaptureGroup 1: matching inner tokens
CaptureGroup 1: possible lengths = []
CaptureGroup 1 failed: no match found

=== Iteration 166 ===
matches_from_range: pos=41, token=CaptureGroup(1, [Alternation([[CaptureGroup(2, [Alternation([[Literal('c'), WildCard, Literal('t')], [Literal('d'), WildCard, Literal('g')]])]), Literal(' '), Literal('a'), Literal('n'), Literal('d'), Literal(' '), CaptureGroup(3, [Alternation([[Literal('f'), WildCard, WildCard, Literal('h')], [Literal('b'), WildCard, WildCard, Literal('d')]])])]])]), remaining_tokens=14
CaptureGroup 1: matching inner tokens
CaptureGroup 1: possible lengths = []
CaptureGroup 1 failed: no match found
Match result: false
Matching pattern '((c.t|d.g) and (f..h|b..d)), \2 with \3, \1' against input 'cat and fish, cat with fish, cat and fish'
Tokens after group assignment: [CaptureGroup(1, [Alternation([[CaptureGroup(2, [Alternation([[Literal('c'), WildCard, Literal('t')], [Literal('d'), WildCard, Literal('g')]])]), Literal(' '), Literal('a'), Literal('n'), Literal('d'), Literal(' '), CaptureGroup(3, [Alternation([[Literal('f'), WildCard, WildCard, Literal('h')], [Literal('b'), WildCard, WildCard, Literal('d')]])])]])]), Literal(','), Literal(' '), BackReference(2), Literal(' '), Literal('w'), Literal('i'), Literal('t'), Literal('h'), Literal(' '), BackReference(3), Literal(','), Literal(' '), BackReference(1)]

=== Iteration 2 ===
matches_from_range: pos=0, token=CaptureGroup(1, [Alternation([[CaptureGroup(2, [Alternation([[Literal('c'), WildCard, Literal('t')], [Literal('d'), WildCard, Literal('g')]])]), Literal(' '), Literal('a'), Literal('n'), Literal('d'), Literal(' '), CaptureGroup(3, [Alternation([[Literal('f'), WildCard, WildCard, Literal('h')], [Literal('b'), WildCard, WildCard, Literal('d')]])])]])]), remaining_tokens=14
CaptureGroup 1: matching inner tokens

=== Iteration 4 ===
matches_from_range: pos=0, token=Alternation([[Literal('c'), WildCard, Literal('t')], [Literal('d'), WildCard, Literal('g')]]), remaining_tokens=1
Alternation: 2 branches
Alternation trying branch 0

=== Iteration 7 ===
matches_from_range: pos=0, token=Literal('c'), remaining_tokens=3
Token Literal('c') matched at pos 0

=== Iteration 9 ===
matches_from_range: pos=1, token=WildCard, remaining_tokens=2
Token WildCard matched at pos 1

=== Iteration 11 ===
matches_from_range: pos=2, token=Literal('t'), remaining_tokens=1
Token Literal('t') matched at pos 2

=== Iteration 13 ===
matches_from_range: empty tokens, returning 0
Alternation success with branch 0: len=3

=== Iteration 15 ===
matches_from_range: pos=8, token=Alternation([[Literal('f'), WildCard, WildCard, Literal('h')], [Literal('b'), WildCard, WildCard, Literal('d')]]), remaining_tokens=1
Alternation: 2 branches
Alternation trying branch 0

=== Iteration 18 ===
matches_from_range: pos=8, token=Literal('f'), remaining_tokens=4
Token Literal('f') matched at pos 8

=== Iteration 20 ===
matches_from_range: pos=9, token=WildCard, remaining_tokens=3
Token WildCard matched at pos 9

=== Iteration 22 ===
matches_from_range: pos=10, token=WildCard, remaining_tokens=2
Token WildCard matched at pos 10

=== Iteration 24 ===
matches_from_range: pos=11, token=Literal('h'), remaining_tokens=1
Token Literal('h') matched at pos 11

=== Iteration 26 ===
matches_from_range: empty tokens, returning 0
Alternation success with branch 0: len=4
CaptureGroup 1: possible lengths = [12]
CaptureGroup 1 trying: captured 'cat and fish' at index 0, len=12

=== Iteration 30 ===
matches_from_range: pos=0, token=Alternation([[CaptureGroup(2, [Alternation([[Literal('c'), WildCard, Literal('t')], [Literal('d'), WildCard, Literal('g')]])]), Literal(' '), Literal('a'), Literal('n'), Literal('d'), Literal(' '), CaptureGroup(3, [Alternation([[Literal('f'), WildCard, WildCard, Literal('h')], [Literal('b'), WildCard, WildCard, Literal('d')]])])]]), remaining_tokens=1
Alternation: 1 branches
Alternation trying branch 0

=== Iteration 33 ===
matches_from_range: pos=0, token=CaptureGroup(2, [Alternation([[Literal('c'), WildCard, Literal('t')], [Literal('d'), WildCard, Literal('g')]])]), remaining_tokens=7
CaptureGroup 2: matching inner tokens
CaptureGroup 2: possible lengths = [3]
CaptureGroup 2 trying: captured 'cat' at index 1, len=3

=== Iteration 37 ===
matches_from_range: pos=0, token=Alternation([[Literal('c'), WildCard, Literal('t')], [Literal('d'), WildCard, Literal('g')]]), remaining_tokens=1
Alternation: 2 branches
Alternation trying branch 0

=== Iteration 40 ===
matches_from_range: pos=0, token=Literal('c'), remaining_tokens=3
Token Literal('c') matched at pos 0

=== Iteration 42 ===
matches_from_range: pos=1, token=WildCard, remaining_tokens=2
Token WildCard matched at pos 1

=== Iteration 44 ===
matches_from_range: pos=2, token=Literal('t'), remaining_tokens=1
Token Literal('t') matched at pos 2

=== Iteration 46 ===
matches_from_range: empty tokens, returning 0
Alternation success with branch 0: len=3

=== Iteration 48 ===
matches_from_range: pos=3, token=Literal(' '), remaining_tokens=6
Token Literal(' ') matched at pos 3

=== Iteration 50 ===
matches_from_range: pos=4, token=Literal('a'), remaining_tokens=5
Token Literal('a') matched at pos 4

=== Iteration 52 ===
matches_from_range: pos=5, token=Literal('n'), remaining_tokens=4
Token Literal('n') matched at pos 5

=== Iteration 54 ===
matches_from_range: pos=6, token=Literal('d'), remaining_tokens=3
Token Literal('d') matched at pos 6

=== Iteration 56 ===
matches_from_range: pos=7, token=Literal(' '), remaining_tokens=2
Token Literal(' ') matched at pos 7

=== Iteration 58 ===
matches_from_range: pos=8, token=CaptureGroup(3, [Alternation([[Literal('f'), WildCard, WildCard, Literal('h')], [Literal('b'), WildCard, WildCard, Literal('d')]])]), remaining_tokens=1
CaptureGroup 3: matching inner tokens
CaptureGroup 3: possible lengths = [4]
CaptureGroup 3 trying: captured 'fish' at index 2, len=4

=== Iteration 62 ===
matches_from_range: pos=8, token=Alternation([[Literal('f'), WildCard, WildCard, Literal('h')], [Literal('b'), WildCard, WildCard, Literal('d')]]), remaining_tokens=1
Alternation: 2 branches
Alternation trying branch 0

=== Iteration 65 ===
matches_from_range: pos=8, token=Literal('f'), remaining_tokens=4
Token Literal('f') matched at pos 8

=== Iteration 67 ===
matches_from_range: pos=9, token=WildCard, remaining_tokens=3
Token WildCard matched at pos 9

=== Iteration 69 ===
matches_from_range: pos=10, token=WildCard, remaining_tokens=2
Token WildCard matched at pos 10

=== Iteration 71 ===
matches_from_range: pos=11, token=Literal('h'), remaining_tokens=1
Token Literal('h') matched at pos 11

=== Iteration 73 ===
matches_from_range: empty tokens, returning 0
Alternation success with branch 0: len=4

=== Iteration 75 ===
matches_from_range: empty tokens, returning 0
CaptureGroup 3 success: captured 'fish', total_len=4
CaptureGroup 2 success: captured 'cat', total_len=12
Alternation success with branch 0: len=12

=== Iteration 79 ===
matches_from_range: pos=12, token=Literal(','), remaining_tokens=13
Token Literal(',') matched at pos 12

=== Iteration 81 ===
matches_from_range: pos=13, token=Literal(' '), remaining_tokens=12
Token Literal(' ') matched at pos 13

=== Iteration 83 ===
matches_from_range: pos=14, token=BackReference(2), remaining_tokens=11
BackReference: checking capture 2
BackReference: trying to match 'cat' at pos 14
BackReference success: matched 'cat' len=3

=== Iteration 87 ===
matches_from_range: pos=17, token=Literal(' '), remaining_tokens=10
Token Literal(' ') matched at pos 17

=== Iteration 89 ===
matches_from_range: pos=18, token=Literal('w'), remaining_tokens=9
Token Literal('w') matched at pos 18

=== Iteration 91 ===
matches_from_range: pos=19, token=Literal('i'), remaining_tokens=8
Token Literal('i') matched at pos 19

=== Iteration 93 ===
matches_from_range: pos=20, token=Literal('t'), remaining_tokens=7
Token Literal('t') matched at pos 20

=== Iteration 95 ===
matches_from_range: pos=21, token=Literal('h'), remaining_tokens=6
Token Literal('h') matched at pos 21

=== Iteration 97 ===
matches_from_range: pos=22, token=Literal(' '), remaining_tokens=5
Token Literal(' ') matched at pos 22

=== Iteration 99 ===
matches_from_range: pos=23, token=BackReference(3), remaining_tokens=4
BackReference: checking capture 3
BackReference: trying to match 'fish' at pos 23
BackReference success: matched 'fish' len=4

=== Iteration 103 ===
matches_from_range: pos=27, token=Literal(','), remaining_tokens=3
Token Literal(',') matched at pos 27

=== Iteration 105 ===
matches_from_range: pos=28, token=Literal(' '), remaining_tokens=2
Token Literal(' ') matched at pos 28

=== Iteration 107 ===
matches_from_range: pos=29, token=BackReference(1), remaining_tokens=1
BackReference: checking capture 1
BackReference: trying to match 'cat and fish' at pos 29
BackReference success: matched 'cat and fish' len=12

=== Iteration 111 ===
matches_from_range: empty tokens, returning 0
CaptureGroup 1 success: captured 'cat and fish', total_len=41
Match result: true
Matching pattern '((c.t|d.g) and (f..h|b..d)), \2 with \3, \1' against input 'bat and fish, bat with fish, bat and fish'
Tokens after group assignment: [CaptureGroup(1, [Alternation([[CaptureGroup(2, [Alternation([[Literal('c'), WildCard, Literal('t')], [Literal('d'), WildCard, Literal('g')]])]), Literal(' '), Literal('a'), Literal('n'), Literal('d'), Literal(' '), CaptureGroup(3, [Alternation([[Literal('f'), WildCard, WildCard, Literal('h')], [Literal('b'), WildCard, WildCard, Literal('d')]])])]])]), Literal(','), Literal(' '), BackReference(2), Literal(' '), Literal('w'), Literal('i'), Literal('t'), Literal('h'), Literal(' '), BackReference(3), Literal(','), Literal(' '), BackReference(1)]

=== Iteration 2 ===
matches_from_range: pos=0, token=CaptureGroup(1, [Alternation([[CaptureGroup(2, [Alternation([[Literal('c'), WildCard, Literal('t')], [Literal('d'), WildCard, Literal('g')]])]), Literal(' '), Literal('a'), Literal('n'), Literal('d'), Literal(' '), CaptureGroup(3, [Alternation([[Literal('f'), WildCard, WildCard, Literal('h')], [Literal('b'), WildCard, WildCard, Literal('d')]])])]])]), remaining_tokens=14
CaptureGroup 1: matching inner tokens
CaptureGroup 1: possible lengths = []
CaptureGroup 1 failed: no match found

=== Iteration 6 ===
matches_from_range: pos=1, token=CaptureGroup(1, [Alternation([[CaptureGroup(2, [Alternation([[Literal('c'), WildCard, Literal('t')], [Literal('d'), WildCard, Literal('g')]])]), Literal(' '), Literal('a'), Literal('n'), Literal('d'), Literal(' '), CaptureGroup(3, [Alternation([[Literal('f'), WildCard, WildCard, Literal('h')], [Literal('b'), WildCard, WildCard, Literal('d')]])])]])]), remaining_tokens=14
CaptureGroup 1: matching inner tokens
CaptureGroup 1: possible lengths = []
CaptureGroup 1 failed: no match found

=== Iteration 10 ===
matches_from_range: pos=2, token=CaptureGroup(1, [Alternation([[CaptureGroup(2, [Alternation([[Literal('c'), WildCard, Literal('t')], [Literal('d'), WildCard, Literal('g')]])]), Literal(' '), Literal('a'), Literal('n'), Literal('d'), Literal(' '), CaptureGroup(3, [Alternation([[Literal('f'), WildCard, WildCard, Literal('h')], [Literal('b'), WildCard, WildCard, Literal('d')]])])]])]), remaining_tokens=14
CaptureGroup 1: matching inner tokens
CaptureGroup 1: possible lengths = []
CaptureGroup 1 failed: no match found

=== Iteration 14 ===
matches_from_range: pos=3, token=CaptureGroup(1, [Alternation([[CaptureGroup(2, [Alternation([[Literal('c'), WildCard, Literal('t')], [Literal('d'), WildCard, Literal('g')]])]), Literal(' '), Literal('a'), Literal('n'), Literal('d'), Literal(' '), CaptureGroup(3, [Alternation([[Literal('f'), WildCard, WildCard, Literal('h')], [Literal('b'), WildCard, WildCard, Literal('d')]])])]])]), remaining_tokens=14
CaptureGroup 1: matching inner tokens
CaptureGroup 1: possible lengths = []
CaptureGroup 1 failed: no match found

=== Iteration 18 ===
matches_from_range: pos=4, token=CaptureGroup(1, [Alternation([[CaptureGroup(2, [Alternation([[Literal('c'), WildCard, Literal('t')], [Literal('d'), WildCard, Literal('g')]])]), Literal(' '), Literal('a'), Literal('n'), Literal('d'), Literal(' '), CaptureGroup(3, [Alternation([[Literal('f'), WildCard, WildCard, Literal('h')], [Literal('b'), WildCard, WildCard, Literal('d')]])])]])]), remaining_tokens=14
CaptureGroup 1: matching inner tokens
CaptureGroup 1: possible lengths = []
CaptureGroup 1 failed: no match found

=== Iteration 22 ===
matches_from_range: pos=5, token=CaptureGroup(1, [Alternation([[CaptureGroup(2, [Alternation([[Literal('c'), WildCard, Literal('t')], [Literal('d'), WildCard, Literal('g')]])]), Literal(' '), Literal('a'), Literal('n'), Literal('d'), Literal(' '), CaptureGroup(3, [Alternation([[Literal('f'), WildCard, WildCard, Literal('h')], [Literal('b'), WildCard, WildCard, Literal('d')]])])]])]), remaining_tokens=14
CaptureGroup 1: matching inner tokens
CaptureGroup 1: possible lengths = []
CaptureGroup 1 failed: no match found

=== Iteration 26 ===
matches_from_range: pos=6, token=CaptureGroup(1, [Alternation([[CaptureGroup(2, [Alternation([[Literal('c'), WildCard, Literal('t')], [Literal('d'), WildCard, Literal('g')]])]), Literal(' '), Literal('a'), Literal('n'), Literal('d'), Literal(' '), CaptureGroup(3, [Alternation([[Literal('f'), WildCard, WildCard, Literal('h')], [Literal('b'), WildCard, WildCard, Literal('d')]])])]])]), remaining_tokens=14
CaptureGroup 1: matching inner tokens
CaptureGroup 1: possible lengths = []
CaptureGroup 1 failed: no match found

=== Iteration 30 ===
matches_from_range: pos=7, token=CaptureGroup(1, [Alternation([[CaptureGroup(2, [Alternation([[Literal('c'), WildCard, Literal('t')], [Literal('d'), WildCard, Literal('g')]])]), Literal(' '), Literal('a'), Literal('n'), Literal('d'), Literal(' '), CaptureGroup(3, [Alternation([[Literal('f'), WildCard, WildCard, Literal('h')], [Literal('b'), WildCard, WildCard, Literal('d')]])])]])]), remaining_tokens=14
CaptureGroup 1: matching inner tokens
CaptureGroup 1: possible lengths = []
CaptureGroup 1 failed: no match found

=== Iteration 34 ===
matches_from_range: pos=8, token=CaptureGroup(1, [Alternation([[CaptureGroup(2, [Alternation([[Literal('c'), WildCard, Literal('t')], [Literal('d'), WildCard, Literal('g')]])]), Literal(' '), Literal('a'), Literal('n'), Literal('d'), Literal(' '), CaptureGroup(3, [Alternation([[Literal('f'), WildCard, WildCard, Literal('h')], [Literal('b'), WildCard, WildCard, Literal('d')]])])]])]), remaining_tokens=14
CaptureGroup 1: matching inner tokens
CaptureGroup 1: possible lengths = []
CaptureGroup 1 failed: no match found

=== Iteration 38 ===
matches_from_range: pos=9, token=CaptureGroup(1, [Alternation([[CaptureGroup(2, [Alternation([[Literal('c'), WildCard, Literal('t')], [Literal('d'), WildCard, Literal('g')]])]), Literal(' '), Literal('a'), Literal('n'), Literal('d'), Literal(' '), CaptureGroup(3, [Alternation([[Literal('f'), WildCard, WildCard, Literal('h')], [Literal('b'), WildCard, WildCard, Literal('d')]])])]])]), remaining_tokens=14
CaptureGroup 1: matching inner tokens
CaptureGroup 1: possible lengths = []
CaptureGroup 1 failed: no match found

=== Iteration 42 ===
matches_from_range: pos=10, token=CaptureGroup(1, [Alternation([[CaptureGroup(2, [Alternation([[Literal('c'), WildCard, Literal('t')], [Literal('d'), WildCard, Literal('g')]])]), Literal(' '), Literal('a'), Literal('n'), Literal('d'), Literal(' '), CaptureGroup(3, [Alternation([[Literal('f'), WildCard, WildCard, Literal('h')], [Literal('b'), WildCard, WildCard, Literal('d')]])])]])]), remaining_tokens=14
CaptureGroup 1: matching inner tokens
CaptureGroup 1: possible lengths = []
CaptureGroup 1 failed: no match found

=== Iteration 46 ===
matches_from_range: pos=11, token=CaptureGroup(1, [Alternation([[CaptureGroup(2, [Alternation([[Literal('c'), WildCard, Literal('t')], [Literal('d'), WildCard, Literal('g')]])]), Literal(' '), Literal('a'), Literal('n'), Literal('d'), Literal(' '), CaptureGroup(3, [Alternation([[Literal('f'), WildCard, WildCard, Literal('h')], [Literal('b'), WildCard, WildCard, Literal('d')]])])]])]), remaining_tokens=14
CaptureGroup 1: matching inner tokens
CaptureGroup 1: possible lengths = []
CaptureGroup 1 failed: no match found

=== Iteration 50 ===
matches_from_range: pos=12, token=CaptureGroup(1, [Alternation([[CaptureGroup(2, [Alternation([[Literal('c'), WildCard, Literal('t')], [Literal('d'), WildCard, Literal('g')]])]), Literal(' '), Literal('a'), Literal('n'), Literal('d'), Literal(' '), CaptureGroup(3, [Alternation([[Literal('f'), WildCard, WildCard, Literal('h')], [Literal('b'), WildCard, WildCard, Literal('d')]])])]])]), remaining_tokens=14
CaptureGroup 1: matching inner tokens
CaptureGroup 1: possible lengths = []
CaptureGroup 1 failed: no match found

=== Iteration 54 ===
matches_from_range: pos=13, token=CaptureGroup(1, [Alternation([[CaptureGroup(2, [Alternation([[Literal('c'), WildCard, Literal('t')], [Literal('d'), WildCard, Literal('g')]])]), Literal(' '), Literal('a'), Literal('n'), Literal('d'), Literal(' '), CaptureGroup(3, [Alternation([[Literal('f'), WildCard, WildCard, Literal('h')], [Literal('b'), WildCard, WildCard, Literal('d')]])])]])]), remaining_tokens=14
CaptureGroup 1: matching inner tokens
CaptureGroup 1: possible lengths = []
CaptureGroup 1 failed: no match found

=== Iteration 58 ===
matches_from_range: pos=14, token=CaptureGroup(1, [Alternation([[CaptureGroup(2, [Alternation([[Literal('c'), WildCard, Literal('t')], [Literal('d'), WildCard, Literal('g')]])]), Literal(' '), Literal('a'), Literal('n'), Literal('d'), Literal(' '), CaptureGroup(3, [Alternation([[Literal('f'), WildCard, WildCard, Literal('h')], [Literal('b'), WildCard, WildCard, Literal('d')]])])]])]), remaining_tokens=14
CaptureGroup 1: matching inner tokens
CaptureGroup 1: possible lengths = []
CaptureGroup 1 failed: no match found

=== Iteration 62 ===
matches_from_range: pos=15, token=CaptureGroup(1, [Alternation([[CaptureGroup(2, [Alternation([[Literal('c'), WildCard, Literal('t')], [Literal('d'), WildCard, Literal('g')]])]), Literal(' '), Literal('a'), Literal('n'), Literal('d'), Literal(' '), CaptureGroup(3, [Alternation([[Literal('f'), WildCard, WildCard, Literal('h')], [Literal('b'), WildCard, WildCard, Literal('d')]])])]])]), remaining_tokens=14
CaptureGroup 1: matching inner tokens
CaptureGroup 1: possible lengths = []
CaptureGroup 1 failed: no match found

=== Iteration 66 ===
matches_from_range: pos=16, token=CaptureGroup(1, [Alternation([[CaptureGroup(2, [Alternation([[Literal('c'), WildCard, Literal('t')], [Literal('d'), WildCard, Literal('g')]])]), Literal(' '), Literal('a'), Literal('n'), Literal('d'), Literal(' '), CaptureGroup(3, [Alternation([[Literal('f'), WildCard, WildCard, Literal('h')], [Literal('b'), WildCard, WildCard, Literal('d')]])])]])]), remaining_tokens=14
CaptureGroup 1: matching inner tokens
CaptureGroup 1: possible lengths = []
CaptureGroup 1 failed: no match found

=== Iteration 70 ===
matches_from_range: pos=17, token=CaptureGroup(1, [Alternation([[CaptureGroup(2, [Alternation([[Literal('c'), WildCard, Literal('t')], [Literal('d'), WildCard, Literal('g')]])]), Literal(' '), Literal('a'), Literal('n'), Literal('d'), Literal(' '), CaptureGroup(3, [Alternation([[Literal('f'), WildCard, WildCard, Literal('h')], [Literal('b'), WildCard, WildCard, Literal('d')]])])]])]), remaining_tokens=14
CaptureGroup 1: matching inner tokens
CaptureGroup 1: possible lengths = []
CaptureGroup 1 failed: no match found

=== Iteration 74 ===
matches_from_range: pos=18, token=CaptureGroup(1, [Alternation([[CaptureGroup(2, [Alternation([[Literal('c'), WildCard, Literal('t')], [Literal('d'), WildCard, Literal('g')]])]), Literal(' '), Literal('a'), Literal('n'), Literal('d'), Literal(' '), CaptureGroup(3, [Alternation([[Literal('f'), WildCard, WildCard, Literal('h')], [Literal('b'), WildCard, WildCard, Literal('d')]])])]])]), remaining_tokens=14
CaptureGroup 1: matching inner tokens
CaptureGroup 1: possible lengths = []
CaptureGroup 1 failed: no match found

=== Iteration 78 ===
matches_from_range: pos=19, token=CaptureGroup(1, [Alternation([[CaptureGroup(2, [Alternation([[Literal('c'), WildCard, Literal('t')], [Literal('d'), WildCard, Literal('g')]])]), Literal(' '), Literal('a'), Literal('n'), Literal('d'), Literal(' '), CaptureGroup(3, [Alternation([[Literal('f'), WildCard, WildCard, Literal('h')], [Literal('b'), WildCard, WildCard, Literal('d')]])])]])]), remaining_tokens=14
CaptureGroup 1: matching inner tokens
CaptureGroup 1: possible lengths = []
CaptureGroup 1 failed: no match found

=== Iteration 82 ===
matches_from_range: pos=20, token=CaptureGroup(1, [Alternation([[CaptureGroup(2, [Alternation([[Literal('c'), WildCard, Literal('t')], [Literal('d'), WildCard, Literal('g')]])]), Literal(' '), Literal('a'), Literal('n'), Literal('d'), Literal(' '), CaptureGroup(3, [Alternation([[Literal('f'), WildCard, WildCard, Literal('h')], [Literal('b'), WildCard, WildCard, Literal('d')]])])]])]), remaining_tokens=14
CaptureGroup 1: matching inner tokens
CaptureGroup 1: possible lengths = []
CaptureGroup 1 failed: no match found

=== Iteration 86 ===
matches_from_range: pos=21, token=CaptureGroup(1, [Alternation([[CaptureGroup(2, [Alternation([[Literal('c'), WildCard, Literal('t')], [Literal('d'), WildCard, Literal('g')]])]), Literal(' '), Literal('a'), Literal('n'), Literal('d'), Literal(' '), CaptureGroup(3, [Alternation([[Literal('f'), WildCard, WildCard, Literal('h')], [Literal('b'), WildCard, WildCard, Literal('d')]])])]])]), remaining_tokens=14
CaptureGroup 1: matching inner tokens
CaptureGroup 1: possible lengths = []
CaptureGroup 1 failed: no match found

=== Iteration 90 ===
matches_from_range: pos=22, token=CaptureGroup(1, [Alternation([[CaptureGroup(2, [Alternation([[Literal('c'), WildCard, Literal('t')], [Literal('d'), WildCard, Literal('g')]])]), Literal(' '), Literal('a'), Literal('n'), Literal('d'), Literal(' '), CaptureGroup(3, [Alternation([[Literal('f'), WildCard, WildCard, Literal('h')], [Literal('b'), WildCard, WildCard, Literal('d')]])])]])]), remaining_tokens=14
CaptureGroup 1: matching inner tokens
CaptureGroup 1: possible lengths = []
CaptureGroup 1 failed: no match found

=== Iteration 94 ===
matches_from_range: pos=23, token=CaptureGroup(1, [Alternation([[CaptureGroup(2, [Alternation([[Literal('c'), WildCard, Literal('t')], [Literal('d'), WildCard, Literal('g')]])]), Literal(' '), Literal('a'), Literal('n'), Literal('d'), Literal(' '), CaptureGroup(3, [Alternation([[Literal('f'), WildCard, WildCard, Literal('h')], [Literal('b'), WildCard, WildCard, Literal('d')]])])]])]), remaining_tokens=14
CaptureGroup 1: matching inner tokens
CaptureGroup 1: possible lengths = []
CaptureGroup 1 failed: no match found

=== Iteration 98 ===
matches_from_range: pos=24, token=CaptureGroup(1, [Alternation([[CaptureGroup(2, [Alternation([[Literal('c'), WildCard, Literal('t')], [Literal('d'), WildCard, Literal('g')]])]), Literal(' '), Literal('a'), Literal('n'), Literal('d'), Literal(' '), CaptureGroup(3, [Alternation([[Literal('f'), WildCard, WildCard, Literal('h')], [Literal('b'), WildCard, WildCard, Literal('d')]])])]])]), remaining_tokens=14
CaptureGroup 1: matching inner tokens
CaptureGroup 1: possible lengths = []
CaptureGroup 1 failed: no match found

=== Iteration 102 ===
matches_from_range: pos=25, token=CaptureGroup(1, [Alternation([[CaptureGroup(2, [Alternation([[Literal('c'), WildCard, Literal('t')], [Literal('d'), WildCard, Literal('g')]])]), Literal(' '), Literal('a'), Literal('n'), Literal('d'), Literal(' '), CaptureGroup(3, [Alternation([[Literal('f'), WildCard, WildCard, Literal('h')], [Literal('b'), WildCard, WildCard, Literal('d')]])])]])]), remaining_tokens=14
CaptureGroup 1: matching inner tokens
CaptureGroup 1: possible lengths = []
CaptureGroup 1 failed: no match found

=== Iteration 106 ===
matches_from_range: pos=26, token=CaptureGroup(1, [Alternation([[CaptureGroup(2, [Alternation([[Literal('c'), WildCard, Literal('t')], [Literal('d'), WildCard, Literal('g')]])]), Literal(' '), Literal('a'), Literal('n'), Literal('d'), Literal(' '), CaptureGroup(3, [Alternation([[Literal('f'), WildCard, WildCard, Literal('h')], [Literal('b'), WildCard, WildCard, Literal('d')]])])]])]), remaining_tokens=14
CaptureGroup 1: matching inner tokens
CaptureGroup 1: possible lengths = []
CaptureGroup 1 failed: no match found

=== Iteration 110 ===
matches_from_range: pos=27, token=CaptureGroup(1, [Alternation([[CaptureGroup(2, [Alternation([[Literal('c'), WildCard, Literal('t')], [Literal('d'), WildCard, Literal('g')]])]), Literal(' '), Literal('a'), Literal('n'), Literal('d'), Literal(' '), CaptureGroup(3, [Alternation([[Literal('f'), WildCard, WildCard, Literal('h')], [Literal('b'), WildCard, WildCard, Literal('d')]])])]])]), remaining_tokens=14
CaptureGroup 1: matching inner tokens
CaptureGroup 1: possible lengths = []
CaptureGroup 1 failed: no match found

=== Iteration 114 ===
matches_from_range: pos=28, token=CaptureGroup(1, [Alternation([[CaptureGroup(2, [Alternation([[Literal('c'), WildCard, Literal('t')], [Literal('d'), WildCard, Literal('g')]])]), Literal(' '), Literal('a'), Literal('n'), Literal('d'), Literal(' '), CaptureGroup(3, [Alternation([[Literal('f'), WildCard, WildCard, Literal('h')], [Literal('b'), WildCard, WildCard, Literal('d')]])])]])]), remaining_tokens=14
CaptureGroup 1: matching inner tokens
CaptureGroup 1: possible lengths = []
CaptureGroup 1 failed: no match found

=== Iteration 118 ===
matches_from_range: pos=29, token=CaptureGroup(1, [Alternation([[CaptureGroup(2, [Alternation([[Literal('c'), WildCard, Literal('t')], [Literal('d'), WildCard, Literal('g')]])]), Literal(' '), Literal('a'), Literal('n'), Literal('d'), Literal(' '), CaptureGroup(3, [Alternation([[Literal('f'), WildCard, WildCard, Literal('h')], [Literal('b'), WildCard, WildCard, Literal('d')]])])]])]), remaining_tokens=14
CaptureGroup 1: matching inner tokens
CaptureGroup 1: possible lengths = []
CaptureGroup 1 failed: no match found

=== Iteration 122 ===
matches_from_range: pos=30, token=CaptureGroup(1, [Alternation([[CaptureGroup(2, [Alternation([[Literal('c'), WildCard, Literal('t')], [Literal('d'), WildCard, Literal('g')]])]), Literal(' '), Literal('a'), Literal('n'), Literal('d'), Literal(' '), CaptureGroup(3, [Alternation([[Literal('f'), WildCard, WildCard, Literal('h')], [Literal('b'), WildCard, WildCard, Literal('d')]])])]])]), remaining_tokens=14
CaptureGroup 1: matching inner tokens
CaptureGroup 1: possible lengths = []
CaptureGroup 1 failed: no match found

=== Iteration 126 ===
matches_from_range: pos=31, token=CaptureGroup(1, [Alternation([[CaptureGroup(2, [Alternation([[Literal('c'), WildCard, Literal('t')], [Literal('d'), WildCard, Literal('g')]])]), Literal(' '), Literal('a'), Literal('n'), Literal('d'), Literal(' '), CaptureGroup(3, [Alternation([[Literal('f'), WildCard, WildCard, Literal('h')], [Literal('b'), WildCard, WildCard, Literal('d')]])])]])]), remaining_tokens=14
CaptureGroup 1: matching inner tokens
CaptureGroup 1: possible lengths = []
CaptureGroup 1 failed: no match found

=== Iteration 130 ===
matches_from_range: pos=32, token=CaptureGroup(1, [Alternation([[CaptureGroup(2, [Alternation([[Literal('c'), WildCard, Literal('t')], [Literal('d'), WildCard, Literal('g')]])]), Literal(' '), Literal('a'), Literal('n'), Literal('d'), Literal(' '), CaptureGroup(3, [Alternation([[Literal('f'), WildCard, WildCard, Literal('h')], [Literal('b'), WildCard, WildCard, Literal('d')]])])]])]), remaining_tokens=14
CaptureGroup 1: matching inner tokens
CaptureGroup 1: possible lengths = []
CaptureGroup 1 failed: no match found

=== Iteration 134 ===
matches_from_range: pos=33, token=CaptureGroup(1, [Alternation([[CaptureGroup(2, [Alternation([[Literal('c'), WildCard, Literal('t')], [Literal('d'), WildCard, Literal('g')]])]), Literal(' '), Literal('a'), Literal('n'), Literal('d'), Literal(' '), CaptureGroup(3, [Alternation([[Literal('f'), WildCard, WildCard, Literal('h')], [Literal('b'), WildCard, WildCard, Literal('d')]])])]])]), remaining_tokens=14
CaptureGroup 1: matching inner tokens
CaptureGroup 1: possible lengths = []
CaptureGroup 1 failed: no match found

=== Iteration 138 ===
matches_from_range: pos=34, token=CaptureGroup(1, [Alternation([[CaptureGroup(2, [Alternation([[Literal('c'), WildCard, Literal('t')], [Literal('d'), WildCard, Literal('g')]])]), Literal(' '), Literal('a'), Literal('n'), Literal('d'), Literal(' '), CaptureGroup(3, [Alternation([[Literal('f'), WildCard, WildCard, Literal('h')], [Literal('b'), WildCard, WildCard, Literal('d')]])])]])]), remaining_tokens=14
CaptureGroup 1: matching inner tokens
CaptureGroup 1: possible lengths = []
CaptureGroup 1 failed: no match found

=== Iteration 142 ===
matches_from_range: pos=35, token=CaptureGroup(1, [Alternation([[CaptureGroup(2, [Alternation([[Literal('c'), WildCard, Literal('t')], [Literal('d'), WildCard, Literal('g')]])]), Literal(' '), Literal('a'), Literal('n'), Literal('d'), Literal(' '), CaptureGroup(3, [Alternation([[Literal('f'), WildCard, WildCard, Literal('h')], [Literal('b'), WildCard, WildCard, Literal('d')]])])]])]), remaining_tokens=14
CaptureGroup 1: matching inner tokens
CaptureGroup 1: possible lengths = []
CaptureGroup 1 failed: no match found

=== Iteration 146 ===
matches_from_range: pos=36, token=CaptureGroup(1, [Alternation([[CaptureGroup(2, [Alternation([[Literal('c'), WildCard, Literal('t')], [Literal('d'), WildCard, Literal('g')]])]), Literal(' '), Literal('a'), Literal('n'), Literal('d'), Literal(' '), CaptureGroup(3, [Alternation([[Literal('f'), WildCard, WildCard, Literal('h')], [Literal('b'), WildCard, WildCard, Literal('d')]])])]])]), remaining_tokens=14
CaptureGroup 1: matching inner tokens
CaptureGroup 1: possible lengths = []
CaptureGroup 1 failed: no match found

=== Iteration 150 ===
matches_from_range: pos=37, token=CaptureGroup(1, [Alternation([[CaptureGroup(2, [Alternation([[Literal('c'), WildCard, Literal('t')], [Literal('d'), WildCard, Literal('g')]])]), Literal(' '), Literal('a'), Literal('n'), Literal('d'), Literal(' '), CaptureGroup(3, [Alternation([[Literal('f'), WildCard, WildCard, Literal('h')], [Literal('b'), WildCard, WildCard, Literal('d')]])])]])]), remaining_tokens=14
CaptureGroup 1: matching inner tokens
CaptureGroup 1: possible lengths = []
CaptureGroup 1 failed: no match found

=== Iteration 154 ===
matches_from_range: pos=38, token=CaptureGroup(1, [Alternation([[CaptureGroup(2, [Alternation([[Literal('c'), WildCard, Literal('t')], [Literal('d'), WildCard, Literal('g')]])]), Literal(' '), Literal('a'), Literal('n'), Literal('d'), Literal(' '), CaptureGroup(3, [Alternation([[Literal('f'), WildCard, WildCard, Literal('h')], [Literal('b'), WildCard, WildCard, Literal('d')]])])]])]), remaining_tokens=14
CaptureGroup 1: matching inner tokens
CaptureGroup 1: possible lengths = []
CaptureGroup 1 failed: no match found

=== Iteration 158 ===
matches_from_range: pos=39, token=CaptureGroup(1, [Alternation([[CaptureGroup(2, [Alternation([[Literal('c'), WildCard, Literal('t')], [Literal('d'), WildCard, Literal('g')]])]), Literal(' '), Literal('a'), Literal('n'), Literal('d'), Literal(' '), CaptureGroup(3, [Alternation([[Literal('f'), WildCard, WildCard, Literal('h')], [Literal('b'), WildCard, WildCard, Literal('d')]])])]])]), remaining_tokens=14
CaptureGroup 1: matching inner tokens
CaptureGroup 1: possible lengths = []
CaptureGroup 1 failed: no match found

=== Iteration 162 ===
matches_from_range: pos=40, token=CaptureGroup(1, [Alternation([[CaptureGroup(2, [Alternation([[Literal('c'), WildCard, Literal('t')], [Literal('d'), WildCard, Literal('g')]])]), Literal(' '), Literal('a'), Literal('n'), Literal('d'), Literal(' '), CaptureGroup(3, [Alternation([[Literal('f'), WildCard, WildCard, Literal('h')], [Literal('b'), WildCard, WildCard, Literal('d')]])])]])]), remaining_tokens=14
CaptureGroup 1: matching inner tokens
CaptureGroup 1: possible lengths = []
CaptureGroup 1 failed: no match found

=== Iteration 166 ===
matches_from_range: pos=41, token=CaptureGroup(1, [Alternation([[CaptureGroup(2, [Alternation([[Literal('c'), WildCard, Literal('t')], [Literal('d'), WildCard, Literal('g')]])]), Literal(' '), Literal('a'), Literal('n'), Literal('d'), Literal(' '), CaptureGroup(3, [Alternation([[Literal('f'), WildCard, WildCard, Literal('h')], [Literal('b'), WildCard, WildCard, Literal('d')]])])]])]), remaining_tokens=14
CaptureGroup 1: matching inner tokens
CaptureGroup 1: possible lengths = []
CaptureGroup 1 failed: no match found
Match result: false
Matching pattern '"((how+dy) (he?y) there)" is made up of "\2" and "\3". \1' against input '"howwdy heeey there" is made up of "howwdy" and "heeey". howwdy heeey there'
Tokens after group assignment: [Literal('"'), CaptureGroup(1, [CaptureGroup(2, [Literal('h'), Literal('o'), Quantifier(Literal('w'), OneOrMore), Literal('d'), Literal('y')]), Literal(' '), CaptureGroup(3, [Literal('h'), Quantifier(Literal('e'), ZeroOrOne), Literal('y')]), Literal(' '), Literal('t'), Literal('h'), Literal('e'), Literal('r'), Literal('e')]), Literal('"'), Literal(' '), Literal('i'), Literal('s'), Literal(' '), Literal('m'), Literal('a'), Literal('d'), Literal('e'), Literal(' '), Literal('u'), Literal('p'), Literal(' '), Literal('o'), Literal('f'), Literal(' '), Literal('"'), BackReference(2), Literal('"'), Literal(' '), Literal('a'), Literal('n'), Literal('d'), Literal(' '), Literal('"'), BackReference(3), Literal('"'), WildCard, Literal(' '), BackReference(1)]

=== Iteration 2 ===
matches_from_range: pos=0, token=Literal('"'), remaining_tokens=32
Token Literal('"') matched at pos 0

=== Iteration 4 ===
matches_from_range: pos=1, token=CaptureGroup(1, [CaptureGroup(2, [Literal('h'), Literal('o'), Quantifier(Literal('w'), OneOrMore), Literal('d'), Literal('y')]), Literal(' '), CaptureGroup(3, [Literal('h'), Quantifier(Literal('e'), ZeroOrOne), Literal('y')]), Literal(' '), Literal('t'), Literal('h'), Literal('e'), Literal('r'), Literal('e')]), remaining_tokens=31
CaptureGroup 1: matching inner tokens

=== Iteration 6 ===
matches_from_range: pos=3, token=Literal('w'), remaining_tokens=1
Token Literal('w') matched at pos 3

=== Iteration 8 ===
matches_from_range: empty tokens, returning 0

=== Iteration 9 ===
matches_from_range: pos=4, token=Literal('w'), remaining_tokens=1
Token Literal('w') matched at pos 4

=== Iteration 11 ===
matches_from_range: empty tokens, returning 0

=== Iteration 12 ===
matches_from_range: pos=5, token=Literal('w'), remaining_tokens=1
Token Literal('w') failed: no match at pos 5

=== Iteration 14 ===
matches_from_range: pos=1, token=Literal('h'), remaining_tokens=5
Token Literal('h') matched at pos 1

=== Iteration 16 ===
matches_from_range: pos=2, token=Literal('o'), remaining_tokens=4
Token Literal('o') matched at pos 2

=== Iteration 18 ===
matches_from_range: pos=3, token=Quantifier(Literal('w'), OneOrMore), remaining_tokens=3
Quantifier OneOrMore: inner=Literal('w')

=== Iteration 20 ===
matches_from_range: pos=3, token=Literal('w'), remaining_tokens=1
Token Literal('w') matched at pos 3

=== Iteration 22 ===
matches_from_range: empty tokens, returning 0
OneOrMore: matched inner at 3, len=1

=== Iteration 24 ===
matches_from_range: pos=4, token=Literal('w'), remaining_tokens=1
Token Literal('w') matched at pos 4

=== Iteration 26 ===
matches_from_range: empty tokens, returning 0
OneOrMore: matched inner at 4, len=1

=== Iteration 28 ===
matches_from_range: pos=5, token=Literal('w'), remaining_tokens=1
Token Literal('w') failed: no match at pos 5
OneOrMore positions: [3, 4, 5]
OneOrMore trying pos=5

=== Iteration 32 ===
matches_from_range: pos=5, token=Literal('d'), remaining_tokens=2
Token Literal('d') matched at pos 5

=== Iteration 34 ===
matches_from_range: pos=6, token=Literal('y'), remaining_tokens=1
Token Literal('y') matched at pos 6

=== Iteration 36 ===
matches_from_range: empty tokens, returning 0
OneOrMore success: total_len=4

=== Iteration 38 ===
matches_from_range: pos=9, token=Literal('e'), remaining_tokens=1
Token Literal('e') matched at pos 9

=== Iteration 40 ===
matches_from_range: empty tokens, returning 0
CaptureGroup 1: possible lengths = []
CaptureGroup 1 failed: no match found
Token Literal('"') failed: rest didn't match

=== Iteration 44 ===
matches_from_range: pos=1, token=Literal('"'), remaining_tokens=32
Token Literal('"') failed: no match at pos 1

=== Iteration 46 ===
matches_from_range: pos=2, token=Literal('"'), remaining_tokens=32
Token Literal('"') failed: no match at pos 2

=== Iteration 48 ===
matches_from_range: pos=3, token=Literal('"'), remaining_tokens=32
Token Literal('"') failed: no match at pos 3

=== Iteration 50 ===
matches_from_range: pos=4, token=Literal('"'), remaining_tokens=32
Token Literal('"') failed: no match at pos 4

=== Iteration 52 ===
matches_from_range: pos=5, token=Literal('"'), remaining_tokens=32
Token Literal('"') failed: no match at pos 5

=== Iteration 54 ===
matches_from_range: pos=6, token=Literal('"'), remaining_tokens=32
Token Literal('"') failed: no match at pos 6

=== Iteration 56 ===
matches_from_range: pos=7, token=Literal('"'), remaining_tokens=32
Token Literal('"') failed: no match at pos 7

=== Iteration 58 ===
matches_from_range: pos=8, token=Literal('"'), remaining_tokens=32
Token Literal('"') failed: no match at pos 8

=== Iteration 60 ===
matches_from_range: pos=9, token=Literal('"'), remaining_tokens=32
Token Literal('"') failed: no match at pos 9

=== Iteration 62 ===
matches_from_range: pos=10, token=Literal('"'), remaining_tokens=32
Token Literal('"') failed: no match at pos 10

=== Iteration 64 ===
matches_from_range: pos=11, token=Literal('"'), remaining_tokens=32
Token Literal('"') failed: no match at pos 11

=== Iteration 66 ===
matches_from_range: pos=12, token=Literal('"'), remaining_tokens=32
Token Literal('"') failed: no match at pos 12

=== Iteration 68 ===
matches_from_range: pos=13, token=Literal('"'), remaining_tokens=32
Token Literal('"') failed: no match at pos 13

=== Iteration 70 ===
matches_from_range: pos=14, token=Literal('"'), remaining_tokens=32
Token Literal('"') failed: no match at pos 14

=== Iteration 72 ===
matches_from_range: pos=15, token=Literal('"'), remaining_tokens=32
Token Literal('"') failed: no match at pos 15

=== Iteration 74 ===
matches_from_range: pos=16, token=Literal('"'), remaining_tokens=32
Token Literal('"') failed: no match at pos 16

=== Iteration 76 ===
matches_from_range: pos=17, token=Literal('"'), remaining_tokens=32
Token Literal('"') failed: no match at pos 17

=== Iteration 78 ===
matches_from_range: pos=18, token=Literal('"'), remaining_tokens=32
Token Literal('"') failed: no match at pos 18

=== Iteration 80 ===
matches_from_range: pos=19, token=Literal('"'), remaining_tokens=32
Token Literal('"') matched at pos 19

=== Iteration 82 ===
matches_from_range: pos=20, token=CaptureGroup(1, [CaptureGroup(2, [Literal('h'), Literal('o'), Quantifier(Literal('w'), OneOrMore), Literal('d'), Literal('y')]), Literal(' '), CaptureGroup(3, [Literal('h'), Quantifier(Literal('e'), ZeroOrOne), Literal('y')]), Literal(' '), Literal('t'), Literal('h'), Literal('e'), Literal('r'), Literal('e')]), remaining_tokens=31
CaptureGroup 1: matching inner tokens
CaptureGroup 1: possible lengths = []
CaptureGroup 1 failed: no match found
Token Literal('"') failed: rest didn't match

=== Iteration 87 ===
matches_from_range: pos=20, token=Literal('"'), remaining_tokens=32
Token Literal('"') failed: no match at pos 20

=== Iteration 89 ===
matches_from_range: pos=21, token=Literal('"'), remaining_tokens=32
Token Literal('"') failed: no match at pos 21

=== Iteration 91 ===
matches_from_range: pos=22, token=Literal('"'), remaining_tokens=32
Token Literal('"') failed: no match at pos 22

=== Iteration 93 ===
matches_from_range: pos=23, token=Literal('"'), remaining_tokens=32
Token Literal('"') failed: no match at pos 23

=== Iteration 95 ===
matches_from_range: pos=24, token=Literal('"'), remaining_tokens=32
Token Literal('"') failed: no match at pos 24

=== Iteration 97 ===
matches_from_range: pos=25, token=Literal('"'), remaining_tokens=32
Token Literal('"') failed: no match at pos 25

=== Iteration 99 ===
matches_from_range: pos=26, token=Literal('"'), remaining_tokens=32
Token Literal('"') failed: no match at pos 26

=== Iteration 101 ===
matches_from_range: pos=27, token=Literal('"'), remaining_tokens=32
Token Literal('"') failed: no match at pos 27

=== Iteration 103 ===
matches_from_range: pos=28, token=Literal('"'), remaining_tokens=32
Token Literal('"') failed: no match at pos 28

=== Iteration 105 ===
matches_from_range: pos=29, token=Literal('"'), remaining_tokens=32
Token Literal('"') failed: no match at pos 29

=== Iteration 107 ===
matches_from_range: pos=30, token=Literal('"'), remaining_tokens=32
Token Literal('"') failed: no match at pos 30

=== Iteration 109 ===
matches_from_range: pos=31, token=Literal('"'), remaining_tokens=32
Token Literal('"') failed: no match at pos 31

=== Iteration 111 ===
matches_from_range: pos=32, token=Literal('"'), remaining_tokens=32
Token Literal('"') failed: no match at pos 32

=== Iteration 113 ===
matches_from_range: pos=33, token=Literal('"'), remaining_tokens=32
Token Literal('"') failed: no match at pos 33

=== Iteration 115 ===
matches_from_range: pos=34, token=Literal('"'), remaining_tokens=32
Token Literal('"') failed: no match at pos 34

=== Iteration 117 ===
matches_from_range: pos=35, token=Literal('"'), remaining_tokens=32
Token Literal('"') matched at pos 35

=== Iteration 119 ===
matches_from_range: pos=36, token=CaptureGroup(1, [CaptureGroup(2, [Literal('h'), Literal('o'), Quantifier(Literal('w'), OneOrMore), Literal('d'), Literal('y')]), Literal(' '), CaptureGroup(3, [Literal('h'), Quantifier(Literal('e'), ZeroOrOne), Literal('y')]), Literal(' '), Literal('t'), Literal('h'), Literal('e'), Literal('r'), Literal('e')]), remaining_tokens=31
CaptureGroup 1: matching inner tokens

=== Iteration 121 ===
matches_from_range: pos=38, token=Literal('w'), remaining_tokens=1
Token Literal('w') matched at pos 38

=== Iteration 123 ===
matches_from_range: empty tokens, returning 0

=== Iteration 124 ===
matches_from_range: pos=39, token=Literal('w'), remaining_tokens=1
Token Literal('w') matched at pos 39

=== Iteration 126 ===
matches_from_range: empty tokens, returning 0

=== Iteration 127 ===
matches_from_range: pos=40, token=Literal('w'), remaining_tokens=1
Token Literal('w') failed: no match at pos 40

=== Iteration 129 ===
matches_from_range: pos=36, token=Literal('h'), remaining_tokens=5
Token Literal('h') matched at pos 36

=== Iteration 131 ===
matches_from_range: pos=37, token=Literal('o'), remaining_tokens=4
Token Literal('o') matched at pos 37

=== Iteration 133 ===
matches_from_range: pos=38, token=Quantifier(Literal('w'), OneOrMore), remaining_tokens=3
Quantifier OneOrMore: inner=Literal('w')

=== Iteration 135 ===
matches_from_range: pos=38, token=Literal('w'), remaining_tokens=1
Token Literal('w') matched at pos 38

=== Iteration 137 ===
matches_from_range: empty tokens, returning 0
OneOrMore: matched inner at 38, len=1

=== Iteration 139 ===
matches_from_range: pos=39, token=Literal('w'), remaining_tokens=1
Token Literal('w') matched at pos 39

=== Iteration 141 ===
matches_from_range: empty tokens, returning 0
OneOrMore: matched inner at 39, len=1

=== Iteration 143 ===
matches_from_range: pos=40, token=Literal('w'), remaining_tokens=1
Token Literal('w') failed: no match at pos 40
OneOrMore positions: [38, 39, 40]
OneOrMore trying pos=40

=== Iteration 147 ===
matches_from_range: pos=40, token=Literal('d'), remaining_tokens=2
Token Literal('d') matched at pos 40

=== Iteration 149 ===
matches_from_range: pos=41, token=Literal('y'), remaining_tokens=1
Token Literal('y') matched at pos 41

=== Iteration 151 ===
matches_from_range: empty tokens, returning 0
OneOrMore success: total_len=4
CaptureGroup 1: possible lengths = []
CaptureGroup 1 failed: no match found
Token Literal('"') failed: rest didn't match

=== Iteration 156 ===
matches_from_range: pos=36, token=Literal('"'), remaining_tokens=32
Token Literal('"') failed: no match at pos 36

=== Iteration 158 ===
matches_from_range: pos=37, token=Literal('"'), remaining_tokens=32
Token Literal('"') failed: no match at pos 37

=== Iteration 160 ===
matches_from_range: pos=38, token=Literal('"'), remaining_tokens=32
Token Literal('"') failed: no match at pos 38

=== Iteration 162 ===
matches_from_range: pos=39, token=Literal('"'), remaining_tokens=32
Token Literal('"') failed: no match at pos 39

=== Iteration 164 ===
matches_from_range: pos=40, token=Literal('"'), remaining_tokens=32
Token Literal('"') failed: no match at pos 40

=== Iteration 166 ===
matches_from_range: pos=41, token=Literal('"'), remaining_tokens=32
Token Literal('"') failed: no match at pos 41

=== Iteration 168 ===
matches_from_range: pos=42, token=Literal('"'), remaining_tokens=32
Token Literal('"') matched at pos 42

=== Iteration 170 ===
matches_from_range: pos=43, token=CaptureGroup(1, [CaptureGroup(2, [Literal('h'), Literal('o'), Quantifier(Literal('w'), OneOrMore), Literal('d'), Literal('y')]), Literal(' '), CaptureGroup(3, [Literal('h'), Quantifier(Literal('e'), ZeroOrOne), Literal('y')]), Literal(' '), Literal('t'), Literal('h'), Literal('e'), Literal('r'), Literal('e')]), remaining_tokens=31
CaptureGroup 1: matching inner tokens
CaptureGroup 1: possible lengths = []
CaptureGroup 1 failed: no match found
Token Literal('"') failed: rest didn't match

=== Iteration 175 ===
matches_from_range: pos=43, token=Literal('"'), remaining_tokens=32
Token Literal('"') failed: no match at pos 43

=== Iteration 177 ===
matches_from_range: pos=44, token=Literal('"'), remaining_tokens=32
Token Literal('"') failed: no match at pos 44

=== Iteration 179 ===
matches_from_range: pos=45, token=Literal('"'), remaining_tokens=32
Token Literal('"') failed: no match at pos 45

=== Iteration 181 ===
matches_from_range: pos=46, token=Literal('"'), remaining_tokens=32
Token Literal('"') failed: no match at pos 46

=== Iteration 183 ===
matches_from_range: pos=47, token=Literal('"'), remaining_tokens=32
Token Literal('"') failed: no match at pos 47

=== Iteration 185 ===
matches_from_range: pos=48, token=Literal('"'), remaining_tokens=32
Token Literal('"') matched at pos 48

=== Iteration 187 ===
matches_from_range: pos=49, token=CaptureGroup(1, [CaptureGroup(2, [Literal('h'), Literal('o'), Quantifier(Literal('w'), OneOrMore), Literal('d'), Literal('y')]), Literal(' '), CaptureGroup(3, [Literal('h'), Quantifier(Literal('e'), ZeroOrOne), Literal('y')]), Literal(' '), Literal('t'), Literal('h'), Literal('e'), Literal('r'), Literal('e')]), remaining_tokens=31
CaptureGroup 1: matching inner tokens
CaptureGroup 1: possible lengths = []
CaptureGroup 1 failed: no match found
Token Literal('"') failed: rest didn't match

=== Iteration 192 ===
matches_from_range: pos=49, token=Literal('"'), remaining_tokens=32
Token Literal('"') failed: no match at pos 49

=== Iteration 194 ===
matches_from_range: pos=50, token=Literal('"'), remaining_tokens=32
Token Literal('"') failed: no match at pos 50

=== Iteration 196 ===
matches_from_range: pos=51, token=Literal('"'), remaining_tokens=32
Token Literal('"') failed: no match at pos 51

=== Iteration 198 ===
matches_from_range: pos=52, token=Literal('"'), remaining_tokens=32
Token Literal('"') failed: no match at pos 52

=== Iteration 200 ===
matches_from_range: pos=53, token=Literal('"'), remaining_tokens=32
Token Literal('"') failed: no match at pos 53

=== Iteration 202 ===
matches_from_range: pos=54, token=Literal('"'), remaining_tokens=32
Token Literal('"') matched at pos 54

=== Iteration 204 ===
matches_from_range: pos=55, token=CaptureGroup(1, [CaptureGroup(2, [Literal('h'), Literal('o'), Quantifier(Literal('w'), OneOrMore), Literal('d'), Literal('y')]), Literal(' '), CaptureGroup(3, [Literal('h'), Quantifier(Literal('e'), ZeroOrOne), Literal('y')]), Literal(' '), Literal('t'), Literal('h'), Literal('e'), Literal('r'), Literal('e')]), remaining_tokens=31
CaptureGroup 1: matching inner tokens
CaptureGroup 1: possible lengths = []
CaptureGroup 1 failed: no match found
Token Literal('"') failed: rest didn't match

=== Iteration 209 ===
matches_from_range: pos=55, token=Literal('"'), remaining_tokens=32
Token Literal('"') failed: no match at pos 55

=== Iteration 211 ===
matches_from_range: pos=56, token=Literal('"'), remaining_tokens=32
Token Literal('"') failed: no match at pos 56

=== Iteration 213 ===
matches_from_range: pos=57, token=Literal('"'), remaining_tokens=32
Token Literal('"') failed: no match at pos 57

=== Iteration 215 ===
matches_from_range: pos=58, token=Literal('"'), remaining_tokens=32
Token Literal('"') failed: no match at pos 58

=== Iteration 217 ===
matches_from_range: pos=59, token=Literal('"'), remaining_tokens=32
Token Literal('"') failed: no match at pos 59

=== Iteration 219 ===
matches_from_range: pos=60, token=Literal('"'), remaining_tokens=32
Token Literal('"') failed: no match at pos 60

=== Iteration 221 ===
matches_from_range: pos=61, token=Literal('"'), remaining_tokens=32
Token Literal('"') failed: no match at pos 61

=== Iteration 223 ===
matches_from_range: pos=62, token=Literal('"'), remaining_tokens=32
Token Literal('"') failed: no match at pos 62

=== Iteration 225 ===
matches_from_range: pos=63, token=Literal('"'), remaining_tokens=32
Token Literal('"') failed: no match at pos 63

=== Iteration 227 ===
matches_from_range: pos=64, token=Literal('"'), remaining_tokens=32
Token Literal('"') failed: no match at pos 64

=== Iteration 229 ===
matches_from_range: pos=65, token=Literal('"'), remaining_tokens=32
Token Literal('"') failed: no match at pos 65

=== Iteration 231 ===
matches_from_range: pos=66, token=Literal('"'), remaining_tokens=32
Token Literal('"') failed: no match at pos 66

=== Iteration 233 ===
matches_from_range: pos=67, token=Literal('"'), remaining_tokens=32
Token Literal('"') failed: no match at pos 67

=== Iteration 235 ===
matches_from_range: pos=68, token=Literal('"'), remaining_tokens=32
Token Literal('"') failed: no match at pos 68

=== Iteration 237 ===
matches_from_range: pos=69, token=Literal('"'), remaining_tokens=32
Token Literal('"') failed: no match at pos 69

=== Iteration 239 ===
matches_from_range: pos=70, token=Literal('"'), remaining_tokens=32
Token Literal('"') failed: no match at pos 70

=== Iteration 241 ===
matches_from_range: pos=71, token=Literal('"'), remaining_tokens=32
Token Literal('"') failed: no match at pos 71

=== Iteration 243 ===
matches_from_range: pos=72, token=Literal('"'), remaining_tokens=32
Token Literal('"') failed: no match at pos 72

=== Iteration 245 ===
matches_from_range: pos=73, token=Literal('"'), remaining_tokens=32
Token Literal('"') failed: no match at pos 73

=== Iteration 247 ===
matches_from_range: pos=74, token=Literal('"'), remaining_tokens=32
Token Literal('"') failed: no match at pos 74

=== Iteration 249 ===
matches_from_range: pos=75, token=Literal('"'), remaining_tokens=32
Token Literal('"') failed: input_index >= input.len()
Match result: false
